<?xml version="1.0" encoding="UTF-8"?>
<!-- Generated by org.testng.reporters.JUnitXMLReporter -->
<testsuite ignored="2" hostname="EC2AMAZ-8K1VTOL" failures="0" tests="5" name="Chrome Test" time="20.36" errors="0" timestamp="2022-08-22T19:24:10 GMT">
  <testcase classname="test.Assignment9_LoginValidation" name="delaywait" time="0.586"/>
  <testcase classname="test.Assignment9_LoginValidation" name="Hover_Menu" time="0.766"/>
  <testcase classname="test.Assignment9_LoginValidation" name="switching_the_tabs" time="5.499"/>
  <testcase classname="test.Assignment9_LoginValidation" name="Adding_the_product" time="5.264"/>
  <testcase classname="test.Assignment9_LoginValidation" name="Validating_Message" time="0.342"/>
  <testcase classname="test.Assignment9_Base" name="@AfterTest afterTest" time="0.0">
    <ignored/>
  </testcase> <!-- @AfterTest afterTest -->
  <testcase classname="test.Assignment9_Base" name="@BeforeTest beforeTest" time="0.0">
    <ignored/>
  </testcase> <!-- @BeforeTest beforeTest -->
</testsuite> <!-- Chrome Test -->
